<?xml version="1.0" encoding="UTF-8"?>
<!-- Generated by org.testng.reporters.JUnitReportReporter -->
<testsuite name="TestsPckgOne.TC_04" tests="1" time="7.290" ignored="0" failures="0" timestamp="03 May 2017 03:47:18 GMT" skipped="0" hostname="Stepa-PC" errors="0">
  <testcase name="Test_4" time="7.290" classname="TestsPckgOne.TC_04"/>
</testsuite> <!-- TestsPckgOne.TC_04 -->
