<?xml version="1.0" encoding="UTF-8"?>
<!-- Generated by org.testng.reporters.JUnitReportReporter -->
<testsuite skipped="0" hostname="Stepa-PC" name="TestsPckgOne.TC_15" tests="1" failures="0" timestamp="02 May 2017 06:18:29 GMT" time="58.653" errors="0">
  <testcase name="f" time="58.653" classname="TestsPckgOne.TC_15"/>
</testsuite> <!-- TestsPckgOne.TC_15 -->
