<?xml version="1.0" encoding="UTF-8"?>
<!-- Generated by org.testng.reporters.JUnitReportReporter -->
<testsuite skipped="0" hostname="Stepa-PC" name="TestsPckgOne.TC_13" tests="1" failures="0" timestamp="23 Apr 2017 05:39:30 GMT" time="11.775" errors="0">
  <testcase name="Test_13" time="11.775" classname="TestsPckgOne.TC_13"/>
</testsuite> <!-- TestsPckgOne.TC_13 -->
