<?xml version="1.0" encoding="UTF-8"?>
<!-- Generated by org.testng.reporters.JUnitReportReporter -->
<testsuite name="TestsPckgOne.TC_15" tests="1" time="17.189" ignored="0" failures="0" timestamp="06 May 2017 18:44:14 GMT" skipped="0" hostname="Stepa-PC" errors="0">
  <testcase name="f" time="17.189" classname="TestsPckgOne.TC_15"/>
</testsuite> <!-- TestsPckgOne.TC_15 -->
