<?xml version="1.0" encoding="UTF-8"?>
<!-- Generated by org.testng.reporters.JUnitReportReporter -->
<testsuite skipped="0" hostname="Stepa-PC" name="TestsPckgOne.TC_03" tests="1" failures="0" timestamp="29 Apr 2017 03:45:14 GMT" time="9.738" errors="0">
  <testcase name="Test_3_AudioPlayer" time="9.738" classname="TestsPckgOne.TC_03"/>
</testsuite> <!-- TestsPckgOne.TC_03 -->
