<?xml version="1.0" encoding="UTF-8"?>
<!-- Generated by org.testng.reporters.JUnitReportReporter -->
<testsuite skipped="0" hostname="Stepa-PC" name="TestScript.TC_5" tests="1" failures="0" timestamp="17 Apr 2017 22:20:30 GMT" time="12.501" errors="0">
  <testcase name="Test_5" time="12.501" classname="TestScript.TC_5"/>
</testsuite> <!-- TestScript.TC_5 -->
