<?xml version="1.0" encoding="UTF-8"?>
<!-- Generated by org.testng.reporters.JUnitReportReporter -->
<testsuite name="TestsPckgOne.TC_12" tests="1" time="9.261" ignored="0" failures="0" timestamp="06 May 2017 03:16:58 GMT" skipped="0" hostname="Stepa-PC" errors="0">
  <testcase name="Test_12" time="9.261" classname="TestsPckgOne.TC_12"/>
</testsuite> <!-- TestsPckgOne.TC_12 -->
