<?xml version="1.0" encoding="UTF-8"?>
<!-- Generated by org.testng.reporters.JUnitReportReporter -->
<testsuite skipped="0" hostname="Stepa-PC" name="TestScript.TC_9" tests="1" failures="0" timestamp="17 Apr 2017 22:20:30 GMT" time="9.634" errors="0">
  <testcase name="Test_9" time="9.634" classname="TestScript.TC_9"/>
</testsuite> <!-- TestScript.TC_9 -->
