<?xml version="1.0" encoding="UTF-8"?>
<!-- Generated by org.testng.reporters.JUnitReportReporter -->
<testsuite name="TestsPckgOne.TC_01" tests="1" time="9.561" ignored="0" failures="0" timestamp="11 May 2017 03:22:34 GMT" skipped="0" hostname="Stepa-PC" errors="0">
  <testcase name="Test_1_Verify_Items_And_Its_Icons" time="9.561" classname="TestsPckgOne.TC_01"/>
</testsuite> <!-- TestsPckgOne.TC_01 -->
