<?xml version="1.0" encoding="UTF-8"?>
<!-- Generated by org.testng.reporters.JUnitReportReporter -->
<testsuite skipped="0" hostname="Stepa-PC" name="TestsPckgOne.TC_01" tests="1" failures="0" timestamp="23 Apr 2017 06:55:23 GMT" time="10.921" errors="0">
  <testcase name="Test_1" time="10.921" classname="TestsPckgOne.TC_01"/>
</testsuite> <!-- TestsPckgOne.TC_01 -->
