<?xml version="1.0" encoding="UTF-8"?>
<!-- Generated by org.testng.reporters.JUnitReportReporter -->
<testsuite skipped="0" hostname="Stepa-PC" name="TestScript.TC_3" tests="1" failures="0" timestamp="17 Apr 2017 22:20:30 GMT" time="11.166" errors="0">
  <testcase name="Test_3" time="11.166" classname="TestScript.TC_3"/>
</testsuite> <!-- TestScript.TC_3 -->
