<?xml version="1.0" encoding="UTF-8"?>
<!-- Generated by org.testng.reporters.JUnitReportReporter -->
<testsuite skipped="0" hostname="Stepa-PC" name="TestsPckgOne.TC_01" tests="1" failures="0" timestamp="28 Apr 2017 03:13:19 GMT" time="9.970" errors="0">
  <testcase name="Test_1_Verify_Items_And_Its_Icons" time="9.970" classname="TestsPckgOne.TC_01"/>
</testsuite> <!-- TestsPckgOne.TC_01 -->
