<?xml version="1.0" encoding="UTF-8"?>
<!-- Generated by org.testng.reporters.JUnitReportReporter -->
<testsuite skipped="0" hostname="Stepa-PC" name="TestScript.TC_7" tests="1" failures="0" timestamp="17 Apr 2017 22:20:30 GMT" time="10.303" errors="0">
  <testcase name="Test_2" time="10.303" classname="TestScript.TC_7"/>
</testsuite> <!-- TestScript.TC_7 -->
