<?xml version="1.0" encoding="UTF-8"?>
<!-- Generated by org.testng.reporters.JUnitReportReporter -->
<testsuite skipped="0" hostname="Stepa-PC" name="TestsPckgOne.TC_3" tests="1" failures="0" timestamp="19 Apr 2017 06:14:32 GMT" time="17.413" errors="0">
  <testcase name="Test_3" time="17.413" classname="TestsPckgOne.TC_3"/>
</testsuite> <!-- TestsPckgOne.TC_3 -->
