<?xml version="1.0" encoding="UTF-8"?>
<!-- Generated by org.testng.reporters.JUnitReportReporter -->
<testsuite skipped="0" hostname="Stepa-PC" name="TestScript.TC_6" tests="1" failures="0" timestamp="17 Apr 2017 22:20:30 GMT" time="19.320" errors="0">
  <testcase name="Test_6" time="19.320" classname="TestScript.TC_6"/>
</testsuite> <!-- TestScript.TC_6 -->
