<?xml version="1.0" encoding="UTF-8"?>
<!-- Generated by org.testng.reporters.JUnitReportReporter -->
<testsuite skipped="0" hostname="Stepa-PC" name="TestsPckgOne.TC_1" tests="1" failures="0" timestamp="21 Apr 2017 02:58:14 GMT" time="8.971" errors="0">
  <testcase name="Test_1" time="8.971" classname="TestsPckgOne.TC_1"/>
</testsuite> <!-- TestsPckgOne.TC_1 -->
