<?xml version="1.0" encoding="UTF-8"?>
<!-- Generated by org.testng.reporters.JUnitReportReporter -->
<testsuite name="TestsPckgOne.TC_03" tests="1" time="7.942" ignored="0" failures="0" timestamp="06 May 2017 02:25:45 GMT" skipped="0" hostname="Stepa-PC" errors="0">
  <testcase name="Test_3_AudioPlayer" time="7.942" classname="TestsPckgOne.TC_03"/>
</testsuite> <!-- TestsPckgOne.TC_03 -->
