<?xml version="1.0" encoding="UTF-8"?>
<!-- Generated by org.testng.reporters.JUnitReportReporter -->
<testsuite skipped="0" hostname="Stepa-PC" name="TestsPckgOne.TC_09" tests="1" failures="0" timestamp="28 Apr 2017 01:41:57 GMT" time="7.165" errors="0">
  <testcase name="Test_9" time="7.165" classname="TestsPckgOne.TC_09"/>
</testsuite> <!-- TestsPckgOne.TC_09 -->
