<?xml version="1.0" encoding="UTF-8"?>
<!-- Generated by org.testng.reporters.JUnitReportReporter -->
<testsuite name="TestsPckgOne.TC_16" tests="1" time="11.137" ignored="0" failures="0" timestamp="11 May 2017 03:36:39 GMT" skipped="0" hostname="Stepa-PC" errors="0">
  <testcase name="Test_16_Verify_PlayList" time="11.137" classname="TestsPckgOne.TC_16"/>
</testsuite> <!-- TestsPckgOne.TC_16 -->
