<?xml version="1.0" encoding="UTF-8"?>
<!-- Generated by org.testng.reporters.JUnitReportReporter -->
<testsuite skipped="0" hostname="Stepa-PC" name="TestsPckgOne.TC_7" tests="1" failures="0" timestamp="21 Apr 2017 02:15:12 GMT" time="9.431" errors="0">
  <testcase name="Test_7" time="9.431" classname="TestsPckgOne.TC_7"/>
</testsuite> <!-- TestsPckgOne.TC_7 -->
